[19:06:56] [ServerMain/INFO]: Environment: authHost='https://authserver.mojang.com', accountsHost='https://api.mojang.com', sessionHost='https://sessionserver.mojang.com', servicesHost='https://api.minecraftservices.com', name='PROD'
[19:06:58] [ServerMain/INFO]: Loaded 7 recipes
[19:06:59] [Server thread/INFO]: Starting minecraft server version 1.20.1
[19:06:59] [Server thread/INFO]: Loading properties
[19:06:59] [Server thread/INFO]: This server is running Paper version git-Paper-196 (MC: 1.20.1) (Implementing API version 1.20.1-R0.1-SNAPSHOT) (Git: 773dd72)
[19:07:00] [Server thread/INFO]: Server Ping Player Sample Count: 12
[19:07:00] [Server thread/INFO]: Using 4 threads for Netty based IO
[19:07:00] [Server thread/WARN]: [!] The timings profiler has been enabled but has been scheduled for removal from Paper in the future.
    We recommend installing the spark profiler as a replacement: https://spark.lucko.me/
    For more information please visit: https://github.com/PaperMC/Paper/issues/8948
[19:07:00] [Server thread/INFO]: [ChunkTaskScheduler] Chunk system is using 1 I/O threads, 1 worker threads, and gen parallelism of 1 threads
[19:07:01] [Server thread/INFO]: Default game type: SURVIVAL
[19:07:01] [Server thread/INFO]: Generating keypair
[19:07:01] [Server thread/INFO]: Starting Minecraft server on *:25565
[19:07:01] [Server thread/INFO]: Using epoll channel type
[19:07:01] [Server thread/INFO]: Paper: Using libdeflate (Linux x86_64) compression from Velocity.
[19:07:01] [Server thread/INFO]: Paper: Using OpenSSL 1.1.x (Linux x86_64) cipher from Velocity.
[19:07:01] [Server thread/INFO]: Server permissions file permissions.yml is empty, ignoring it
[19:07:01] [Server thread/WARN]: **** SERVER IS RUNNING IN OFFLINE/INSECURE MODE!
[19:07:01] [Server thread/WARN]: The server will make no attempt to authenticate usernames. Beware.
[19:07:01] [Server thread/WARN]: While this makes the game possible to play without internet access, it also opens up the ability for hackers to connect with any username they choose.
[19:07:01] [Server thread/WARN]: To change this, set "online-mode" to "true" in the server.properties file.
[19:07:01] [Server thread/INFO]: Preparing level "world"
[19:07:02] [Server thread/INFO]: Preparing start region for dimension minecraft:overworld
[19:07:02] [Server thread/INFO]: Time elapsed: 391 ms
[19:07:02] [Server thread/INFO]: Preparing start region for dimension minecraft:the_nether
[19:07:02] [Server thread/INFO]: Time elapsed: 92 ms
[19:07:02] [Server thread/INFO]: Preparing start region for dimension minecraft:the_end
[19:07:02] [Server thread/INFO]: Time elapsed: 84 ms
[19:07:02] [Server thread/INFO]: Running delayed init tasks
[19:07:02] [Server thread/INFO]: Done (3.456s)! For help, type "help"
[19:07:02] [Server thread/INFO]: Timings Reset
[19:07:34] [User Authenticator #0/INFO]: UUID of player kieff568 is 76a1f384-4dfc-38c5-b324-38480c4f7d72
[19:07:35] [Server thread/INFO]: kieff568 joined the game
[19:07:35] [Server thread/INFO]: kieff568[/127.159.79.205:55381] logged in with entity id 173 at ([world]223.02717451997574, 64.0, -507.4441246240663)
[19:10:40] [Server thread/INFO]: kieff568 lost connection: Disconnected
[19:10:40] [Server thread/INFO]: kieff568 left the game
